<?xml version="1.0" encoding="UTF-8"?>
<!-- Generated by org.testng.reporters.JUnitReportReporter -->
<testsuite hostname="MAVBCP3133" failures="0" tests="1" name="mavenseleniumproject.facebook" time="8.381" errors="0" timestamp="2021-09-23T10:06:53 IST" skipped="0">
  <testcase classname="mavenseleniumproject.facebook" name="mouse" time="8.381"/>
  <system-out/>
</testsuite> <!-- mavenseleniumproject.facebook -->
