<?xml version="1.0" encoding="UTF-8"?>
<!-- Generated by org.testng.reporters.JUnitReportReporter -->
<testsuite hostname="MAVBCP3133" failures="0" tests="1" name="mavenseleniumproject.Example" time="25.000" errors="0" timestamp="2021-09-22T11:11:30 IST" skipped="0">
  <testcase classname="mavenseleniumproject.Example" name="mavsel" time="25.000"/>
  <system-out/>
</testsuite> <!-- mavenseleniumproject.Example -->
