<?xml version="1.0" encoding="UTF-8"?>
<!-- Generated by org.testng.reporters.JUnitReportReporter -->
<testsuite skipped="0" hostname="MAVBCP3133" name="mavenseleniumproject.facebook" tests="1" failures="0" timestamp="2021-09-29T10:01:11 IST" time="6.773" errors="0">
  <testcase name="mouse" time="6.773" classname="mavenseleniumproject.facebook"/>
  <system-out/>
</testsuite> <!-- mavenseleniumproject.facebook -->
